Determining if the pthread_create exist failed with the following output:
Change Dir: /mnt/c/Users/Hamza/Documents/SFND_Lidar_Obstacle_Detection/src/quiz/ransac/build/CMakeFiles/CMakeTmp

Run Build Command:"/usr/bin/make" "cmTC_826a3/fast"
/usr/bin/make -f CMakeFiles/cmTC_826a3.dir/build.make CMakeFiles/cmTC_826a3.dir/build
make[1]: Entering directory '/mnt/c/Users/Hamza/Documents/SFND_Lidar_Obstacle_Detection/src/quiz/ransac/build/CMakeFiles/CMakeTmp'
Building C object CMakeFiles/cmTC_826a3.dir/CheckSymbolExists.c.o
/usr/bin/cc    -o CMakeFiles/cmTC_826a3.dir/CheckSymbolExists.c.o   -c /mnt/c/Users/Hamza/Documents/SFND_Lidar_Obstacle_Detection/src/quiz/ransac/build/CMakeFiles/CMakeTmp/CheckSymbolExists.c
Linking C executable cmTC_826a3
/usr/bin/cmake -E cmake_link_script CMakeFiles/cmTC_826a3.dir/link.txt --verbose=1
/usr/bin/cc      -rdynamic CMakeFiles/cmTC_826a3.dir/CheckSymbolExists.c.o  -o cmTC_826a3 
CMakeFiles/cmTC_826a3.dir/CheckSymbolExists.c.o: In function `main':
CheckSymbolExists.c:(.text+0x1b): undefined reference to `pthread_create'
collect2: error: ld returned 1 exit status
CMakeFiles/cmTC_826a3.dir/build.make:97: recipe for target 'cmTC_826a3' failed
make[1]: *** [cmTC_826a3] Error 1
make[1]: Leaving directory '/mnt/c/Users/Hamza/Documents/SFND_Lidar_Obstacle_Detection/src/quiz/ransac/build/CMakeFiles/CMakeTmp'
Makefile:126: recipe for target 'cmTC_826a3/fast' failed
make: *** [cmTC_826a3/fast] Error 2

File /mnt/c/Users/Hamza/Documents/SFND_Lidar_Obstacle_Detection/src/quiz/ransac/build/CMakeFiles/CMakeTmp/CheckSymbolExists.c:
/* */
#include <pthread.h>

int main(int argc, char** argv)
{
  (void)argv;
#ifndef pthread_create
  return ((int*)(&pthread_create))[argc];
#else
  (void)argc;
  return 0;
#endif
}

Determining if the function pthread_create exists in the pthreads failed with the following output:
Change Dir: /mnt/c/Users/Hamza/Documents/SFND_Lidar_Obstacle_Detection/src/quiz/ransac/build/CMakeFiles/CMakeTmp

Run Build Command:"/usr/bin/make" "cmTC_47256/fast"
/usr/bin/make -f CMakeFiles/cmTC_47256.dir/build.make CMakeFiles/cmTC_47256.dir/build
make[1]: Entering directory '/mnt/c/Users/Hamza/Documents/SFND_Lidar_Obstacle_Detection/src/quiz/ransac/build/CMakeFiles/CMakeTmp'
Building C object CMakeFiles/cmTC_47256.dir/CheckFunctionExists.c.o
/usr/bin/cc   -DCHECK_FUNCTION_EXISTS=pthread_create   -o CMakeFiles/cmTC_47256.dir/CheckFunctionExists.c.o   -c /usr/share/cmake-3.10/Modules/CheckFunctionExists.c
Linking C executable cmTC_47256
/usr/bin/cmake -E cmake_link_script CMakeFiles/cmTC_47256.dir/link.txt --verbose=1
/usr/bin/cc  -DCHECK_FUNCTION_EXISTS=pthread_create    -rdynamic CMakeFiles/cmTC_47256.dir/CheckFunctionExists.c.o  -o cmTC_47256 -lpthreads 
/usr/bin/ld: cannot find -lpthreads
collect2: error: ld returned 1 exit status
CMakeFiles/cmTC_47256.dir/build.make:97: recipe for target 'cmTC_47256' failed
make[1]: *** [cmTC_47256] Error 1
make[1]: Leaving directory '/mnt/c/Users/Hamza/Documents/SFND_Lidar_Obstacle_Detection/src/quiz/ransac/build/CMakeFiles/CMakeTmp'
Makefile:126: recipe for target 'cmTC_47256/fast' failed
make: *** [cmTC_47256/fast] Error 2


