Determining if the pthread_create exist failed with the following output:
Change Dir: /mnt/c/Users/Hamza/Documents/SFND_Lidar_Obstacle_Detection/src/quiz/cluster/build/CMakeFiles/CMakeTmp

Run Build Command:"/usr/bin/make" "cmTC_c77fb/fast"
/usr/bin/make -f CMakeFiles/cmTC_c77fb.dir/build.make CMakeFiles/cmTC_c77fb.dir/build
make[1]: Entering directory '/mnt/c/Users/Hamza/Documents/SFND_Lidar_Obstacle_Detection/src/quiz/cluster/build/CMakeFiles/CMakeTmp'
Building C object CMakeFiles/cmTC_c77fb.dir/CheckSymbolExists.c.o
/usr/bin/cc    -o CMakeFiles/cmTC_c77fb.dir/CheckSymbolExists.c.o   -c /mnt/c/Users/Hamza/Documents/SFND_Lidar_Obstacle_Detection/src/quiz/cluster/build/CMakeFiles/CMakeTmp/CheckSymbolExists.c
Linking C executable cmTC_c77fb
/usr/bin/cmake -E cmake_link_script CMakeFiles/cmTC_c77fb.dir/link.txt --verbose=1
/usr/bin/cc      -rdynamic CMakeFiles/cmTC_c77fb.dir/CheckSymbolExists.c.o  -o cmTC_c77fb 
CMakeFiles/cmTC_c77fb.dir/CheckSymbolExists.c.o: In function `main':
CheckSymbolExists.c:(.text+0x1b): undefined reference to `pthread_create'
collect2: error: ld returned 1 exit status
CMakeFiles/cmTC_c77fb.dir/build.make:97: recipe for target 'cmTC_c77fb' failed
make[1]: *** [cmTC_c77fb] Error 1
make[1]: Leaving directory '/mnt/c/Users/Hamza/Documents/SFND_Lidar_Obstacle_Detection/src/quiz/cluster/build/CMakeFiles/CMakeTmp'
Makefile:126: recipe for target 'cmTC_c77fb/fast' failed
make: *** [cmTC_c77fb/fast] Error 2

File /mnt/c/Users/Hamza/Documents/SFND_Lidar_Obstacle_Detection/src/quiz/cluster/build/CMakeFiles/CMakeTmp/CheckSymbolExists.c:
/* */
#include <pthread.h>

int main(int argc, char** argv)
{
  (void)argv;
#ifndef pthread_create
  return ((int*)(&pthread_create))[argc];
#else
  (void)argc;
  return 0;
#endif
}

Determining if the function pthread_create exists in the pthreads failed with the following output:
Change Dir: /mnt/c/Users/Hamza/Documents/SFND_Lidar_Obstacle_Detection/src/quiz/cluster/build/CMakeFiles/CMakeTmp

Run Build Command:"/usr/bin/make" "cmTC_67915/fast"
/usr/bin/make -f CMakeFiles/cmTC_67915.dir/build.make CMakeFiles/cmTC_67915.dir/build
make[1]: Entering directory '/mnt/c/Users/Hamza/Documents/SFND_Lidar_Obstacle_Detection/src/quiz/cluster/build/CMakeFiles/CMakeTmp'
Building C object CMakeFiles/cmTC_67915.dir/CheckFunctionExists.c.o
/usr/bin/cc   -DCHECK_FUNCTION_EXISTS=pthread_create   -o CMakeFiles/cmTC_67915.dir/CheckFunctionExists.c.o   -c /usr/share/cmake-3.10/Modules/CheckFunctionExists.c
Linking C executable cmTC_67915
/usr/bin/cmake -E cmake_link_script CMakeFiles/cmTC_67915.dir/link.txt --verbose=1
/usr/bin/cc  -DCHECK_FUNCTION_EXISTS=pthread_create    -rdynamic CMakeFiles/cmTC_67915.dir/CheckFunctionExists.c.o  -o cmTC_67915 -lpthreads 
/usr/bin/ld: cannot find -lpthreads
collect2: error: ld returned 1 exit status
CMakeFiles/cmTC_67915.dir/build.make:97: recipe for target 'cmTC_67915' failed
make[1]: *** [cmTC_67915] Error 1
make[1]: Leaving directory '/mnt/c/Users/Hamza/Documents/SFND_Lidar_Obstacle_Detection/src/quiz/cluster/build/CMakeFiles/CMakeTmp'
Makefile:126: recipe for target 'cmTC_67915/fast' failed
make: *** [cmTC_67915/fast] Error 2


