Determining if the pthread_create exist failed with the following output:
Change Dir: /mnt/c/Users/Hamza/Documents/SFND_Lidar_Obstacle_Detection/src/examples/CMakeFiles/CMakeTmp

Run Build Command:"/usr/bin/make" "cmTC_f962b/fast"
/usr/bin/make -f CMakeFiles/cmTC_f962b.dir/build.make CMakeFiles/cmTC_f962b.dir/build
make[1]: Entering directory '/mnt/c/Users/Hamza/Documents/SFND_Lidar_Obstacle_Detection/src/examples/CMakeFiles/CMakeTmp'
Building C object CMakeFiles/cmTC_f962b.dir/CheckSymbolExists.c.o
/usr/bin/cc    -o CMakeFiles/cmTC_f962b.dir/CheckSymbolExists.c.o   -c /mnt/c/Users/Hamza/Documents/SFND_Lidar_Obstacle_Detection/src/examples/CMakeFiles/CMakeTmp/CheckSymbolExists.c
Linking C executable cmTC_f962b
/usr/bin/cmake -E cmake_link_script CMakeFiles/cmTC_f962b.dir/link.txt --verbose=1
/usr/bin/cc      -rdynamic CMakeFiles/cmTC_f962b.dir/CheckSymbolExists.c.o  -o cmTC_f962b 
CMakeFiles/cmTC_f962b.dir/CheckSymbolExists.c.o: In function `main':
CheckSymbolExists.c:(.text+0x1b): undefined reference to `pthread_create'
collect2: error: ld returned 1 exit status
CMakeFiles/cmTC_f962b.dir/build.make:97: recipe for target 'cmTC_f962b' failed
make[1]: *** [cmTC_f962b] Error 1
make[1]: Leaving directory '/mnt/c/Users/Hamza/Documents/SFND_Lidar_Obstacle_Detection/src/examples/CMakeFiles/CMakeTmp'
Makefile:126: recipe for target 'cmTC_f962b/fast' failed
make: *** [cmTC_f962b/fast] Error 2

File /mnt/c/Users/Hamza/Documents/SFND_Lidar_Obstacle_Detection/src/examples/CMakeFiles/CMakeTmp/CheckSymbolExists.c:
/* */
#include <pthread.h>

int main(int argc, char** argv)
{
  (void)argv;
#ifndef pthread_create
  return ((int*)(&pthread_create))[argc];
#else
  (void)argc;
  return 0;
#endif
}

Determining if the function pthread_create exists in the pthreads failed with the following output:
Change Dir: /mnt/c/Users/Hamza/Documents/SFND_Lidar_Obstacle_Detection/src/examples/CMakeFiles/CMakeTmp

Run Build Command:"/usr/bin/make" "cmTC_4f47c/fast"
/usr/bin/make -f CMakeFiles/cmTC_4f47c.dir/build.make CMakeFiles/cmTC_4f47c.dir/build
make[1]: Entering directory '/mnt/c/Users/Hamza/Documents/SFND_Lidar_Obstacle_Detection/src/examples/CMakeFiles/CMakeTmp'
Building C object CMakeFiles/cmTC_4f47c.dir/CheckFunctionExists.c.o
/usr/bin/cc   -DCHECK_FUNCTION_EXISTS=pthread_create   -o CMakeFiles/cmTC_4f47c.dir/CheckFunctionExists.c.o   -c /usr/share/cmake-3.10/Modules/CheckFunctionExists.c
Linking C executable cmTC_4f47c
/usr/bin/cmake -E cmake_link_script CMakeFiles/cmTC_4f47c.dir/link.txt --verbose=1
/usr/bin/cc  -DCHECK_FUNCTION_EXISTS=pthread_create    -rdynamic CMakeFiles/cmTC_4f47c.dir/CheckFunctionExists.c.o  -o cmTC_4f47c -lpthreads 
/usr/bin/ld: cannot find -lpthreads
collect2: error: ld returned 1 exit status
CMakeFiles/cmTC_4f47c.dir/build.make:97: recipe for target 'cmTC_4f47c' failed
make[1]: *** [cmTC_4f47c] Error 1
make[1]: Leaving directory '/mnt/c/Users/Hamza/Documents/SFND_Lidar_Obstacle_Detection/src/examples/CMakeFiles/CMakeTmp'
Makefile:126: recipe for target 'cmTC_4f47c/fast' failed
make: *** [cmTC_4f47c/fast] Error 2


